 1017  ls -ltr
 1019  wc -l 77_cancer_proteomes_CPTAC_itraq.csv 
 1020  wc -l 77_cancer_proteomes_CPTAC_itraq.csv > metadata_info_txt
 1021  vi metadata_info_txt 
 1024  head -1 77_cancer_proteomes_CPTAC_itraq.csv | awk -F , '{print NF}' >> metadata_info_txt 
 1025  vi metadata_info_txt 
 1026  stat 77_cancer_proteomes_CPTAC_itraq.csv 
 1027  head -1 77_cancer_proteomes_CPTAC_itraq.csv | tr ',' '\n' | nl > faetures.txt
 1028  vi faetures.txt 
 1029  mv faetures.txt features.txt
 1030  vi features.txt 
 1033  awk -F',' 'NR>1{for(i=4;i<=NF;i++) print $i}' 77_cancer_proteomes_CPTAC_itraq.csv | sort -n | awk 'NR==1{min=$1} {max=$1} END {print "Minimum value:", min, "\nMaximum value:", max}' > value_ranges.txt
 1034  vi value_ranges.txt 
 1035  stat 77_cancer_proteomes_CPTAC_itraq.csv >> metadata_info_txt 
 1060  tail -n +2 77_cancer_proteomes_CPTAC_itraq.csv | cut -d ',' -f 1 | sort | uniq > unique_ref_accession_ids.txt
 1061  vi unique_ref_accession_ids.txt 
 1062  wc -l unique_
 1063  wc -l unique_ref_accession_ids.txt 
 1064  tail -n +2 77_cancer_proteomes_CPTAC_itraq.csv | cut -d ',' -f 2 | sort | uniq| wc -l > unique_gene_symbols
 1066  tail -n +2 77_cancer_proteomes_CPTAC_itraq.csv | cut -d ',' -f 2 | sort | uniq > unique_gene_symbols
 1069  tail -n +2 77_cancer_proteomes_CPTAC_itraq.csv | cut -d ',' -f 3 | sort | uniq > unique_gene_names.txt
 1071  wc -l unique_gene_names.txt 
 1072  mv unique_gene_symbols unique_gene_symbols.txt
 1073  vi unique_gene_symbols.txt 
 1074  wc -l unique_gene_symbols.txt 
 1075  vi features.txt 
 1076  cut -d',' -f4-74 77_cancer_proteomes_CPTAC_itraq.csv
 1077  cut -d',' -f4-83 77_cancer_proteomes_CPTAC_itraq.csv > cancer_protein_exp.csv
 1078  cut -d',' -f84-86 77_cancer_proteomes_CPTAC_itraq.csv > healthy_protein_exp.csv
 1079  less cancer_protein_exp.csv 
 1080  less healthy_protein_exp.csv 
 1082  tail -n +2 77_cancer_proteomes_CPTAC_itraq.csv | awk -F ',' '{sum=0; for(i=4;i<=NF-3;i++) sum+=$i; avg=sum/(NF-6); printf "%s,%s,%s,%f\n", $1, $2, $3, avg}' > cancer_protein_avg.csv
 1083  vi cancer_protein_avg.csv 
 1088  tail -n +2 77_cancer_proteomes_CPTAC_itraq.csv | awk -F ',' '{sum=0; count=0; for(i=84;i<=86;i++) {if ($i != "NA") {sum+=$i; count++}}; avg=sum/count; printf "%s,%s,%s,%f\n", $1,$2,$3,avg}' > healthy_protein_avg.txt
 1090  mv healthy_protein_avg.txt healthy_protein_avg.csv 
 1091  vi healthy_protein_avg.csv 
 1094  vi cancer_protein_avg.csv 
 1095  sort -t, -k4 -rn healthy_protein_avg.csv | head -n 11
 1096  sort -t, -k4 -rn healthy_protein_avg.csv | head -n 10
 1097  sort -t ',' -k4n healthy_protein_avg.csv | awk -F ',' '{print $3, $4}' | head -n 10
 1098  sort -t ',' -k4 -n  healthy_protein_avg.csv | awk -F ',' '{print $3, $4}' | head -n 10 > top10_low_geneexp_healthy.txt 
 1099  vi top10_low_geneexp_healthy.txt 
 1100  sort -t ',' -k4 -rn  healthy_protein_avg.csv | awk -F ',' '{print $3, $4}' | head -n 10 > top10_high_geneexp_healthy.txt
 1101  vi top10_high_geneexp_healthy.txt 
 1102  awk -F',' '$4 == 0 {print}' healthy_protein_avg.csv > no_exp_healthy.txt
 1103  vi no_exp_healthy.txt 
 1104  sort -t ',' -k4 -n  cancer_protein_avg.csv | awk -F ',' '{print $3, $4}' | head -n 10 > top10_low_geneexp_cancer.txt 
 1105  vi top10_low_geneexp_cancer.txt 
 1106  sort -t ',' -k4 -rn  cancer_protein_avg.csv | awk -F ',' '{print $3, $4}' | head -n 10 > top10_high_geneexp_cancer.txt
 1107  vi top10_high_geneexp_cancer.txt 
 1110  vi cancer_protein_avg.csv 
 1111  cut -d ',' -f 4 healthy_protein_avg.csv > tmp2.csv
 1112  vi tmp2.csv 
 1113  cut -d ',' -f 1-4 cancer_protein_avg.csv > tmp1.csv
 1114  vi tmp1.csv 
 1115  paste -s ',' tmp1.csv tmp2.csv > merged_protein_avg.csv
 1116  paste -d ',' tmp1.csv tmp2.csv > merged_protein_avg.csv
 1117  vi merged_protein_avg.csv 
 1118  awk -F ',' 'NR>1 {if (($NF-$(NF-1)) > 2 || ($NF-$(NF-1)) < -2) print $0}' merged_protein_avg.csv > differentially_expressed.csv
 1119  vi differentially_expressed.csv 
 1120  mkdir a5
 1121  cd a5
 1122  history cmds.log
 1123  history > cmds.log
